2024/12/28 05:06:25 [notice] 1#1: using the "epoll" event method
2024/12/28 05:06:25 [notice] 1#1: nginx/1.21.3
2024/12/28 05:06:25 [notice] 1#1: built by gcc 10.3.1 20210424 (Alpine 10.3.1_git20210424) 
2024/12/28 05:06:25 [notice] 1#1: OS: Linux 6.8.0-49-generic
2024/12/28 05:06:25 [notice] 1#1: getrlimit(RLIMIT_NOFILE): 1024:524288
2024/12/28 05:06:25 [notice] 1#1: start worker processes
2024/12/28 05:06:25 [notice] 1#1: start worker process 32
2024/12/28 05:06:25 [notice] 1#1: start worker process 33
2024/12/28 05:06:25 [notice] 1#1: start worker process 34
2024/12/28 05:06:25 [notice] 1#1: start worker process 35
2024/12/28 05:06:25 [notice] 1#1: start worker process 36
2024/12/28 05:06:25 [notice] 1#1: start worker process 37
2024/12/28 05:06:25 [notice] 1#1: start worker process 38
2024/12/28 05:06:25 [notice] 1#1: start worker process 39
2024/12/28 05:06:25 [notice] 1#1: start worker process 40
2024/12/28 05:06:25 [notice] 1#1: start worker process 41
2024/12/28 05:06:25 [notice] 1#1: start worker process 42
2024/12/28 05:06:25 [notice] 1#1: start worker process 43
2024/12/28 05:09:06 [notice] 1#1: signal 3 (SIGQUIT) received, shutting down
2024/12/28 05:09:06 [notice] 32#32: gracefully shutting down
2024/12/28 05:09:06 [notice] 33#33: gracefully shutting down
2024/12/28 05:09:06 [notice] 35#35: gracefully shutting down
2024/12/28 05:09:06 [notice] 34#34: gracefully shutting down
2024/12/28 05:09:06 [notice] 37#37: gracefully shutting down
2024/12/28 05:09:06 [notice] 36#36: gracefully shutting down
2024/12/28 05:09:06 [notice] 38#38: gracefully shutting down
2024/12/28 05:09:06 [notice] 39#39: gracefully shutting down
2024/12/28 05:09:06 [notice] 32#32: exiting
2024/12/28 05:09:06 [notice] 33#33: exiting
2024/12/28 05:09:06 [notice] 35#35: exiting
2024/12/28 05:09:06 [notice] 40#40: gracefully shutting down
2024/12/28 05:09:06 [notice] 43#43: gracefully shutting down
2024/12/28 05:09:06 [notice] 34#34: exiting
2024/12/28 05:09:06 [notice] 37#37: exiting
2024/12/28 05:09:06 [notice] 36#36: exiting
2024/12/28 05:09:06 [notice] 38#38: exiting
2024/12/28 05:09:06 [notice] 39#39: exiting
2024/12/28 05:09:06 [notice] 40#40: exiting
2024/12/28 05:09:06 [notice] 43#43: exiting
2024/12/28 05:09:06 [notice] 37#37: exit
2024/12/28 05:09:06 [notice] 36#36: exit
2024/12/28 05:09:06 [notice] 33#33: exit
2024/12/28 05:09:06 [notice] 35#35: exit
2024/12/28 05:09:06 [notice] 32#32: exit
2024/12/28 05:09:06 [notice] 38#38: exit
2024/12/28 05:09:06 [notice] 34#34: exit
2024/12/28 05:09:06 [notice] 43#43: exit
2024/12/28 05:09:06 [notice] 40#40: exit
2024/12/28 05:09:06 [notice] 39#39: exit
2024/12/28 05:09:06 [notice] 41#41: gracefully shutting down
2024/12/28 05:09:06 [notice] 42#42: gracefully shutting down
2024/12/28 05:09:06 [notice] 41#41: exiting
2024/12/28 05:09:06 [notice] 42#42: exiting
2024/12/28 05:09:06 [notice] 41#41: exit
2024/12/28 05:09:06 [notice] 42#42: exit
2024/12/28 05:09:06 [notice] 1#1: signal 17 (SIGCHLD) received from 36
2024/12/28 05:09:06 [notice] 1#1: worker process 36 exited with code 0
2024/12/28 05:09:06 [notice] 1#1: signal 29 (SIGIO) received
2024/12/28 05:09:06 [notice] 1#1: signal 17 (SIGCHLD) received from 37
2024/12/28 05:09:06 [notice] 1#1: worker process 37 exited with code 0
2024/12/28 05:09:06 [notice] 1#1: signal 29 (SIGIO) received
2024/12/28 05:09:06 [notice] 1#1: signal 17 (SIGCHLD) received from 41
2024/12/28 05:09:06 [notice] 1#1: worker process 40 exited with code 0
2024/12/28 05:09:06 [notice] 1#1: worker process 41 exited with code 0
2024/12/28 05:09:06 [notice] 1#1: signal 29 (SIGIO) received
2024/12/28 05:09:06 [notice] 1#1: signal 17 (SIGCHLD) received from 34
2024/12/28 05:09:06 [notice] 1#1: worker process 32 exited with code 0
2024/12/28 05:09:06 [notice] 1#1: worker process 34 exited with code 0
2024/12/28 05:09:06 [notice] 1#1: signal 29 (SIGIO) received
2024/12/28 05:09:06 [notice] 1#1: signal 17 (SIGCHLD) received from 32
2024/12/28 05:09:06 [notice] 1#1: signal 17 (SIGCHLD) received from 38
2024/12/28 05:09:06 [notice] 1#1: worker process 33 exited with code 0
2024/12/28 05:09:06 [notice] 1#1: worker process 38 exited with code 0
2024/12/28 05:09:06 [notice] 1#1: worker process 39 exited with code 0
2024/12/28 05:09:06 [notice] 1#1: worker process 43 exited with code 0
2024/12/28 05:09:06 [notice] 1#1: signal 29 (SIGIO) received
2024/12/28 05:09:06 [notice] 1#1: signal 17 (SIGCHLD) received from 42
2024/12/28 05:09:06 [notice] 1#1: worker process 42 exited with code 0
2024/12/28 05:09:06 [notice] 1#1: signal 17 (SIGCHLD) received from 35
2024/12/28 05:09:06 [notice] 1#1: worker process 35 exited with code 0
2024/12/28 05:09:06 [notice] 1#1: exit
2024/12/28 05:12:49 [notice] 1#1: using the "epoll" event method
2024/12/28 05:12:49 [notice] 1#1: nginx/1.21.3
2024/12/28 05:12:49 [notice] 1#1: built by gcc 10.3.1 20210424 (Alpine 10.3.1_git20210424) 
2024/12/28 05:12:49 [notice] 1#1: OS: Linux 6.8.0-49-generic
2024/12/28 05:12:49 [notice] 1#1: getrlimit(RLIMIT_NOFILE): 1024:524288
2024/12/28 05:12:49 [notice] 1#1: start worker processes
2024/12/28 05:12:49 [notice] 1#1: start worker process 32
2024/12/28 05:12:49 [notice] 1#1: start worker process 33
2024/12/28 05:12:49 [notice] 1#1: start worker process 34
2024/12/28 05:12:49 [notice] 1#1: start worker process 35
2024/12/28 05:12:49 [notice] 1#1: start worker process 36
2024/12/28 05:12:49 [notice] 1#1: start worker process 37
2024/12/28 05:12:49 [notice] 1#1: start worker process 38
2024/12/28 05:12:49 [notice] 1#1: start worker process 39
2024/12/28 05:12:49 [notice] 1#1: start worker process 40
2024/12/28 05:12:49 [notice] 1#1: start worker process 41
2024/12/28 05:12:49 [notice] 1#1: start worker process 42
2024/12/28 05:12:49 [notice] 1#1: start worker process 43
2024/12/28 05:16:42 [notice] 1#1: signal 3 (SIGQUIT) received, shutting down
2024/12/28 05:16:42 [notice] 33#33: gracefully shutting down
2024/12/28 05:16:42 [notice] 32#32: gracefully shutting down
2024/12/28 05:16:42 [notice] 34#34: gracefully shutting down
2024/12/28 05:16:42 [notice] 38#38: gracefully shutting down
2024/12/28 05:16:42 [notice] 37#37: gracefully shutting down
2024/12/28 05:16:42 [notice] 36#36: gracefully shutting down
2024/12/28 05:16:42 [notice] 35#35: gracefully shutting down
2024/12/28 05:16:42 [notice] 33#33: exiting
2024/12/28 05:16:42 [notice] 40#40: gracefully shutting down
2024/12/28 05:16:42 [notice] 32#32: exiting
2024/12/28 05:16:42 [notice] 42#42: gracefully shutting down
2024/12/28 05:16:42 [notice] 43#43: gracefully shutting down
2024/12/28 05:16:42 [notice] 34#34: exiting
2024/12/28 05:16:42 [notice] 38#38: exiting
2024/12/28 05:16:42 [notice] 37#37: exiting
2024/12/28 05:16:42 [notice] 36#36: exiting
2024/12/28 05:16:42 [notice] 35#35: exiting
2024/12/28 05:16:42 [notice] 40#40: exiting
2024/12/28 05:16:42 [notice] 42#42: exiting
2024/12/28 05:16:42 [notice] 43#43: exiting
2024/12/28 05:16:42 [notice] 41#41: gracefully shutting down
2024/12/28 05:16:42 [notice] 41#41: exiting
2024/12/28 05:16:42 [notice] 32#32: exit
2024/12/28 05:16:42 [notice] 33#33: exit
2024/12/28 05:16:42 [notice] 37#37: exit
2024/12/28 05:16:42 [notice] 36#36: exit
2024/12/28 05:16:42 [notice] 34#34: exit
2024/12/28 05:16:42 [notice] 38#38: exit
2024/12/28 05:16:42 [notice] 42#42: exit
2024/12/28 05:16:42 [notice] 40#40: exit
2024/12/28 05:16:42 [notice] 43#43: exit
2024/12/28 05:16:42 [notice] 35#35: exit
2024/12/28 05:16:42 [notice] 39#39: gracefully shutting down
2024/12/28 05:16:42 [notice] 41#41: exit
2024/12/28 05:16:42 [notice] 39#39: exiting
2024/12/28 05:16:42 [notice] 39#39: exit
2024/12/28 05:16:42 [notice] 1#1: signal 17 (SIGCHLD) received from 40
2024/12/28 05:16:42 [notice] 1#1: worker process 35 exited with code 0
2024/12/28 05:16:42 [notice] 1#1: worker process 40 exited with code 0
2024/12/28 05:16:42 [notice] 1#1: signal 29 (SIGIO) received
2024/12/28 05:16:42 [notice] 1#1: signal 17 (SIGCHLD) received from 35
2024/12/28 05:16:42 [notice] 1#1: signal 17 (SIGCHLD) received from 38
2024/12/28 05:16:42 [notice] 1#1: worker process 37 exited with code 0
2024/12/28 05:16:42 [notice] 1#1: worker process 38 exited with code 0
2024/12/28 05:16:42 [notice] 1#1: signal 29 (SIGIO) received
2024/12/28 05:16:42 [notice] 1#1: signal 17 (SIGCHLD) received from 41
2024/12/28 05:16:42 [notice] 1#1: worker process 41 exited with code 0
2024/12/28 05:16:42 [notice] 1#1: worker process 43 exited with code 0
2024/12/28 05:16:42 [notice] 1#1: signal 29 (SIGIO) received
2024/12/28 05:16:42 [notice] 1#1: signal 17 (SIGCHLD) received from 32
2024/12/28 05:16:42 [notice] 1#1: worker process 32 exited with code 0
2024/12/28 05:16:42 [notice] 1#1: worker process 42 exited with code 0
2024/12/28 05:16:42 [notice] 1#1: signal 29 (SIGIO) received
2024/12/28 05:16:42 [notice] 1#1: signal 17 (SIGCHLD) received from 34
2024/12/28 05:16:42 [notice] 1#1: worker process 34 exited with code 0
2024/12/28 05:16:42 [notice] 1#1: worker process 39 exited with code 0
2024/12/28 05:16:42 [notice] 1#1: signal 29 (SIGIO) received
2024/12/28 05:16:42 [notice] 1#1: signal 17 (SIGCHLD) received from 39
2024/12/28 05:16:42 [notice] 1#1: signal 17 (SIGCHLD) received from 36
2024/12/28 05:16:42 [notice] 1#1: worker process 36 exited with code 0
2024/12/28 05:16:42 [notice] 1#1: signal 17 (SIGCHLD) received from 33
2024/12/28 05:16:42 [notice] 1#1: worker process 33 exited with code 0
2024/12/28 05:16:42 [notice] 1#1: exit
2024/12/28 05:16:44 [notice] 1#1: using the "epoll" event method
2024/12/28 05:16:44 [notice] 1#1: nginx/1.21.3
2024/12/28 05:16:44 [notice] 1#1: built by gcc 10.3.1 20210424 (Alpine 10.3.1_git20210424) 
2024/12/28 05:16:44 [notice] 1#1: OS: Linux 6.8.0-49-generic
2024/12/28 05:16:44 [notice] 1#1: getrlimit(RLIMIT_NOFILE): 1024:524288
2024/12/28 05:16:44 [notice] 1#1: start worker processes
2024/12/28 05:16:44 [notice] 1#1: start worker process 32
2024/12/28 05:16:44 [notice] 1#1: start worker process 33
2024/12/28 05:16:44 [notice] 1#1: start worker process 34
2024/12/28 05:16:44 [notice] 1#1: start worker process 35
2024/12/28 05:16:44 [notice] 1#1: start worker process 36
2024/12/28 05:16:44 [notice] 1#1: start worker process 37
2024/12/28 05:16:44 [notice] 1#1: start worker process 38
2024/12/28 05:16:44 [notice] 1#1: start worker process 39
2024/12/28 05:16:44 [notice] 1#1: start worker process 40
2024/12/28 05:16:44 [notice] 1#1: start worker process 41
2024/12/28 05:16:44 [notice] 1#1: start worker process 42
2024/12/28 05:16:44 [notice] 1#1: start worker process 43
2025/01/15 06:07:50 [notice] 1#1: using the "epoll" event method
2025/01/15 06:07:50 [notice] 1#1: nginx/1.21.3
2025/01/15 06:07:50 [notice] 1#1: built by gcc 10.3.1 20210424 (Alpine 10.3.1_git20210424) 
2025/01/15 06:07:50 [notice] 1#1: OS: Linux 6.8.0-49-generic
2025/01/15 06:07:50 [notice] 1#1: getrlimit(RLIMIT_NOFILE): 1024:524288
2025/01/15 06:07:50 [notice] 1#1: start worker processes
2025/01/15 06:07:50 [notice] 1#1: start worker process 24
2025/01/15 06:07:50 [notice] 1#1: start worker process 25
2025/01/15 06:07:50 [notice] 1#1: start worker process 26
2025/01/15 06:07:50 [notice] 1#1: start worker process 27
2025/01/15 06:07:50 [notice] 1#1: start worker process 28
2025/01/15 06:07:50 [notice] 1#1: start worker process 29
2025/01/15 06:07:50 [notice] 1#1: start worker process 30
2025/01/15 06:07:50 [notice] 1#1: start worker process 31
2025/01/15 06:07:50 [notice] 1#1: start worker process 32
2025/01/15 06:07:50 [notice] 1#1: start worker process 33
2025/01/15 06:07:50 [notice] 1#1: start worker process 34
2025/01/15 06:07:50 [notice] 1#1: start worker process 35
2025/01/17 06:18:01 [notice] 1#1: using the "epoll" event method
2025/01/17 06:18:01 [notice] 1#1: nginx/1.21.3
2025/01/17 06:18:01 [notice] 1#1: built by gcc 10.3.1 20210424 (Alpine 10.3.1_git20210424) 
2025/01/17 06:18:01 [notice] 1#1: OS: Linux 6.8.0-49-generic
2025/01/17 06:18:01 [notice] 1#1: getrlimit(RLIMIT_NOFILE): 1024:524288
2025/01/17 06:18:01 [notice] 1#1: start worker processes
2025/01/17 06:18:01 [notice] 1#1: start worker process 32
2025/01/17 06:18:01 [notice] 1#1: start worker process 33
2025/01/17 06:18:01 [notice] 1#1: start worker process 34
2025/01/17 06:18:01 [notice] 1#1: start worker process 35
2025/01/17 06:18:01 [notice] 1#1: start worker process 36
2025/01/17 06:18:01 [notice] 1#1: start worker process 37
2025/01/17 06:18:01 [notice] 1#1: start worker process 38
2025/01/17 06:18:01 [notice] 1#1: start worker process 39
2025/01/17 06:18:01 [notice] 1#1: start worker process 40
2025/01/17 06:18:01 [notice] 1#1: start worker process 41
2025/01/17 06:18:01 [notice] 1#1: start worker process 42
2025/01/17 06:18:01 [notice] 1#1: start worker process 43
2025/01/17 06:24:27 [notice] 1#1: signal 3 (SIGQUIT) received, shutting down
2025/01/17 06:24:27 [notice] 32#32: gracefully shutting down
2025/01/17 06:24:27 [notice] 33#33: gracefully shutting down
2025/01/17 06:24:27 [notice] 35#35: gracefully shutting down
2025/01/17 06:24:27 [notice] 34#34: gracefully shutting down
2025/01/17 06:24:27 [notice] 36#36: gracefully shutting down
2025/01/17 06:24:27 [notice] 37#37: gracefully shutting down
2025/01/17 06:24:27 [notice] 38#38: gracefully shutting down
2025/01/17 06:24:27 [notice] 32#32: exiting
2025/01/17 06:24:27 [notice] 40#40: gracefully shutting down
2025/01/17 06:24:27 [notice] 33#33: exiting
2025/01/17 06:24:27 [notice] 35#35: exiting
2025/01/17 06:24:27 [notice] 39#39: gracefully shutting down
2025/01/17 06:24:27 [notice] 34#34: exiting
2025/01/17 06:24:27 [notice] 36#36: exiting
2025/01/17 06:24:27 [notice] 37#37: exiting
2025/01/17 06:24:27 [notice] 38#38: exiting
2025/01/17 06:24:27 [notice] 40#40: exiting
2025/01/17 06:24:27 [notice] 39#39: exiting
2025/01/17 06:24:27 [notice] 41#41: gracefully shutting down
2025/01/17 06:24:27 [notice] 41#41: exiting
2025/01/17 06:24:27 [notice] 36#36: exit
2025/01/17 06:24:27 [notice] 33#33: exit
2025/01/17 06:24:27 [notice] 38#38: exit
2025/01/17 06:24:27 [notice] 37#37: exit
2025/01/17 06:24:27 [notice] 32#32: exit
2025/01/17 06:24:27 [notice] 35#35: exit
2025/01/17 06:24:27 [notice] 34#34: exit
2025/01/17 06:24:27 [notice] 40#40: exit
2025/01/17 06:24:27 [notice] 41#41: exit
2025/01/17 06:24:27 [notice] 42#42: gracefully shutting down
2025/01/17 06:24:27 [notice] 43#43: gracefully shutting down
2025/01/17 06:24:27 [notice] 42#42: exiting
2025/01/17 06:24:27 [notice] 43#43: exiting
2025/01/17 06:24:27 [notice] 39#39: exit
2025/01/17 06:24:27 [notice] 42#42: exit
2025/01/17 06:24:27 [notice] 43#43: exit
2025/01/17 06:24:27 [notice] 1#1: signal 17 (SIGCHLD) received from 42
2025/01/17 06:24:27 [notice] 1#1: worker process 32 exited with code 0
2025/01/17 06:24:27 [notice] 1#1: worker process 34 exited with code 0
2025/01/17 06:24:27 [notice] 1#1: worker process 42 exited with code 0
2025/01/17 06:24:27 [notice] 1#1: signal 29 (SIGIO) received
2025/01/17 06:24:27 [notice] 1#1: signal 17 (SIGCHLD) received from 36
2025/01/17 06:24:27 [notice] 1#1: worker process 36 exited with code 0
2025/01/17 06:24:27 [notice] 1#1: signal 29 (SIGIO) received
2025/01/17 06:24:27 [notice] 1#1: signal 17 (SIGCHLD) received from 37
2025/01/17 06:24:27 [notice] 1#1: worker process 37 exited with code 0
2025/01/17 06:24:27 [notice] 1#1: signal 29 (SIGIO) received
2025/01/17 06:24:27 [notice] 1#1: signal 17 (SIGCHLD) received from 41
2025/01/17 06:24:27 [notice] 1#1: worker process 38 exited with code 0
2025/01/17 06:24:27 [notice] 1#1: worker process 41 exited with code 0
2025/01/17 06:24:27 [notice] 1#1: signal 29 (SIGIO) received
2025/01/17 06:24:27 [notice] 1#1: signal 17 (SIGCHLD) received from 35
2025/01/17 06:24:27 [notice] 1#1: worker process 35 exited with code 0
2025/01/17 06:24:27 [notice] 1#1: worker process 39 exited with code 0
2025/01/17 06:24:27 [notice] 1#1: signal 29 (SIGIO) received
2025/01/17 06:24:27 [notice] 1#1: signal 17 (SIGCHLD) received from 43
2025/01/17 06:24:27 [notice] 1#1: worker process 40 exited with code 0
2025/01/17 06:24:27 [notice] 1#1: worker process 33 exited with code 0
2025/01/17 06:24:27 [notice] 1#1: worker process 43 exited with code 0
2025/01/17 06:24:27 [notice] 1#1: exit
2025/01/17 06:24:28 [notice] 1#1: using the "epoll" event method
2025/01/17 06:24:28 [notice] 1#1: nginx/1.21.3
2025/01/17 06:24:28 [notice] 1#1: built by gcc 10.3.1 20210424 (Alpine 10.3.1_git20210424) 
2025/01/17 06:24:28 [notice] 1#1: OS: Linux 6.8.0-49-generic
2025/01/17 06:24:28 [notice] 1#1: getrlimit(RLIMIT_NOFILE): 1024:524288
2025/01/17 06:24:28 [notice] 1#1: start worker processes
2025/01/17 06:24:28 [notice] 1#1: start worker process 32
2025/01/17 06:24:28 [notice] 1#1: start worker process 33
2025/01/17 06:24:28 [notice] 1#1: start worker process 34
2025/01/17 06:24:28 [notice] 1#1: start worker process 35
2025/01/17 06:24:28 [notice] 1#1: start worker process 36
2025/01/17 06:24:28 [notice] 1#1: start worker process 37
2025/01/17 06:24:28 [notice] 1#1: start worker process 38
2025/01/17 06:24:28 [notice] 1#1: start worker process 39
2025/01/17 06:24:28 [notice] 1#1: start worker process 40
2025/01/17 06:24:28 [notice] 1#1: start worker process 41
2025/01/17 06:24:28 [notice] 1#1: start worker process 42
2025/01/17 06:24:28 [notice] 1#1: start worker process 43
2025/01/17 06:26:40 [error] 32#32: *1 directory index of "/app/" is forbidden, client: 172.20.0.1, server: _, request: "GET / HTTP/1.1", host: "localhost:8020"
2025/01/17 06:26:40 [error] 32#32: *1 open() "/app/favicon.ico" failed (2: No such file or directory), client: 172.20.0.1, server: _, request: "GET /favicon.ico HTTP/1.1", host: "localhost:8020", referrer: "http://localhost:8020/"
2025/01/17 06:27:49 [notice] 1#1: signal 3 (SIGQUIT) received, shutting down
2025/01/17 06:27:49 [notice] 33#33: gracefully shutting down
2025/01/17 06:27:49 [notice] 34#34: gracefully shutting down
2025/01/17 06:27:49 [notice] 32#32: gracefully shutting down
2025/01/17 06:27:49 [notice] 35#35: gracefully shutting down
2025/01/17 06:27:49 [notice] 38#38: gracefully shutting down
2025/01/17 06:27:49 [notice] 36#36: gracefully shutting down
2025/01/17 06:27:49 [notice] 37#37: gracefully shutting down
2025/01/17 06:27:49 [notice] 33#33: exiting
2025/01/17 06:27:49 [notice] 39#39: gracefully shutting down
2025/01/17 06:27:49 [notice] 40#40: gracefully shutting down
2025/01/17 06:27:49 [notice] 34#34: exiting
2025/01/17 06:27:49 [notice] 42#42: gracefully shutting down
2025/01/17 06:27:49 [notice] 35#35: exiting
2025/01/17 06:27:49 [notice] 38#38: exiting
2025/01/17 06:27:49 [notice] 36#36: exiting
2025/01/17 06:27:49 [notice] 37#37: exiting
2025/01/17 06:27:49 [notice] 39#39: exiting
2025/01/17 06:27:49 [notice] 40#40: exiting
2025/01/17 06:27:49 [notice] 42#42: exiting
2025/01/17 06:27:49 [notice] 32#32: exiting
2025/01/17 06:27:49 [notice] 43#43: gracefully shutting down
2025/01/17 06:27:49 [notice] 43#43: exiting
2025/01/17 06:27:49 [notice] 33#33: exit
2025/01/17 06:27:49 [notice] 34#34: exit
2025/01/17 06:27:49 [notice] 38#38: exit
2025/01/17 06:27:49 [notice] 42#42: exit
2025/01/17 06:27:49 [notice] 39#39: exit
2025/01/17 06:27:49 [notice] 35#35: exit
2025/01/17 06:27:49 [notice] 36#36: exit
2025/01/17 06:27:49 [notice] 40#40: exit
2025/01/17 06:27:49 [notice] 37#37: exit
2025/01/17 06:27:49 [notice] 32#32: exit
2025/01/17 06:27:49 [notice] 43#43: exit
2025/01/17 06:27:49 [notice] 41#41: gracefully shutting down
2025/01/17 06:27:49 [notice] 41#41: exiting
2025/01/17 06:27:49 [notice] 41#41: exit
2025/01/17 06:27:49 [notice] 1#1: signal 17 (SIGCHLD) received from 37
2025/01/17 06:27:49 [notice] 1#1: worker process 37 exited with code 0
2025/01/17 06:27:49 [notice] 1#1: signal 29 (SIGIO) received
2025/01/17 06:27:49 [notice] 1#1: signal 17 (SIGCHLD) received from 33
2025/01/17 06:27:49 [notice] 1#1: worker process 33 exited with code 0
2025/01/17 06:27:49 [notice] 1#1: signal 29 (SIGIO) received
2025/01/17 06:27:49 [notice] 1#1: signal 17 (SIGCHLD) received from 42
2025/01/17 06:27:49 [notice] 1#1: worker process 42 exited with code 0
2025/01/17 06:27:49 [notice] 1#1: worker process 32 exited with code 0
2025/01/17 06:27:49 [notice] 1#1: worker process 40 exited with code 0
2025/01/17 06:27:49 [notice] 1#1: worker process 43 exited with code 0
2025/01/17 06:27:49 [notice] 1#1: signal 29 (SIGIO) received
2025/01/17 06:27:49 [notice] 1#1: signal 17 (SIGCHLD) received from 32
2025/01/17 06:27:49 [notice] 1#1: signal 17 (SIGCHLD) received from 36
2025/01/17 06:27:49 [notice] 1#1: worker process 36 exited with code 0
2025/01/17 06:27:49 [notice] 1#1: signal 29 (SIGIO) received
2025/01/17 06:27:49 [notice] 1#1: signal 17 (SIGCHLD) received from 35
2025/01/17 06:27:49 [notice] 1#1: worker process 35 exited with code 0
2025/01/17 06:27:49 [notice] 1#1: signal 29 (SIGIO) received
2025/01/17 06:27:49 [notice] 1#1: signal 17 (SIGCHLD) received from 38
2025/01/17 06:27:49 [notice] 1#1: worker process 38 exited with code 0
2025/01/17 06:27:49 [notice] 1#1: worker process 39 exited with code 0
2025/01/17 06:27:49 [notice] 1#1: worker process 41 exited with code 0
2025/01/17 06:27:49 [notice] 1#1: worker process 34 exited with code 0
2025/01/17 06:27:49 [notice] 1#1: exit
2025/01/17 06:27:52 [notice] 1#1: using the "epoll" event method
2025/01/17 06:27:52 [notice] 1#1: nginx/1.21.3
2025/01/17 06:27:52 [notice] 1#1: built by gcc 10.3.1 20210424 (Alpine 10.3.1_git20210424) 
2025/01/17 06:27:52 [notice] 1#1: OS: Linux 6.8.0-49-generic
2025/01/17 06:27:52 [notice] 1#1: getrlimit(RLIMIT_NOFILE): 1024:524288
2025/01/17 06:27:52 [notice] 1#1: start worker processes
2025/01/17 06:27:52 [notice] 1#1: start worker process 32
2025/01/17 06:27:52 [notice] 1#1: start worker process 33
2025/01/17 06:27:52 [notice] 1#1: start worker process 34
2025/01/17 06:27:52 [notice] 1#1: start worker process 35
2025/01/17 06:27:52 [notice] 1#1: start worker process 36
2025/01/17 06:27:52 [notice] 1#1: start worker process 37
2025/01/17 06:27:52 [notice] 1#1: start worker process 38
2025/01/17 06:27:52 [notice] 1#1: start worker process 39
2025/01/17 06:27:52 [notice] 1#1: start worker process 40
2025/01/17 06:27:52 [notice] 1#1: start worker process 41
2025/01/17 06:27:52 [notice] 1#1: start worker process 42
2025/01/17 06:27:52 [notice] 1#1: start worker process 43
2025/01/17 06:28:57 [notice] 1#1: signal 3 (SIGQUIT) received, shutting down
2025/01/17 06:28:57 [notice] 32#32: gracefully shutting down
2025/01/17 06:28:57 [notice] 35#35: gracefully shutting down
2025/01/17 06:28:57 [notice] 36#36: gracefully shutting down
2025/01/17 06:28:57 [notice] 33#33: gracefully shutting down
2025/01/17 06:28:57 [notice] 34#34: gracefully shutting down
2025/01/17 06:28:57 [notice] 37#37: gracefully shutting down
2025/01/17 06:28:57 [notice] 38#38: gracefully shutting down
2025/01/17 06:28:57 [notice] 32#32: exiting
2025/01/17 06:28:57 [notice] 35#35: exiting
2025/01/17 06:28:57 [notice] 40#40: gracefully shutting down
2025/01/17 06:28:57 [notice] 36#36: exiting
2025/01/17 06:28:57 [notice] 41#41: gracefully shutting down
2025/01/17 06:28:57 [notice] 39#39: gracefully shutting down
2025/01/17 06:28:57 [notice] 33#33: exiting
2025/01/17 06:28:57 [notice] 34#34: exiting
2025/01/17 06:28:57 [notice] 37#37: exiting
2025/01/17 06:28:57 [notice] 38#38: exiting
2025/01/17 06:28:57 [notice] 40#40: exiting
2025/01/17 06:28:57 [notice] 41#41: exiting
2025/01/17 06:28:57 [notice] 39#39: exiting
2025/01/17 06:28:57 [notice] 35#35: exit
2025/01/17 06:28:57 [notice] 36#36: exit
2025/01/17 06:28:57 [notice] 32#32: exit
2025/01/17 06:28:57 [notice] 33#33: exit
2025/01/17 06:28:57 [notice] 42#42: gracefully shutting down
2025/01/17 06:28:57 [notice] 34#34: exit
2025/01/17 06:28:57 [notice] 38#38: exit
2025/01/17 06:28:57 [notice] 41#41: exit
2025/01/17 06:28:57 [notice] 37#37: exit
2025/01/17 06:28:57 [notice] 40#40: exit
2025/01/17 06:28:57 [notice] 39#39: exit
2025/01/17 06:28:57 [notice] 42#42: exiting
2025/01/17 06:28:57 [notice] 42#42: exit
2025/01/17 06:28:57 [notice] 43#43: gracefully shutting down
2025/01/17 06:28:57 [notice] 43#43: exiting
2025/01/17 06:28:57 [notice] 43#43: exit
2025/01/17 06:28:57 [notice] 1#1: signal 17 (SIGCHLD) received from 38
2025/01/17 06:28:57 [notice] 1#1: worker process 38 exited with code 0
2025/01/17 06:28:57 [notice] 1#1: worker process 40 exited with code 0
2025/01/17 06:28:57 [notice] 1#1: signal 29 (SIGIO) received
2025/01/17 06:28:57 [notice] 1#1: signal 17 (SIGCHLD) received from 33
2025/01/17 06:28:57 [notice] 1#1: worker process 33 exited with code 0
2025/01/17 06:28:57 [notice] 1#1: worker process 39 exited with code 0
2025/01/17 06:28:57 [notice] 1#1: signal 29 (SIGIO) received
2025/01/17 06:28:57 [notice] 1#1: signal 17 (SIGCHLD) received from 36
2025/01/17 06:28:57 [notice] 1#1: worker process 36 exited with code 0
2025/01/17 06:28:57 [notice] 1#1: worker process 42 exited with code 0
2025/01/17 06:28:57 [notice] 1#1: signal 29 (SIGIO) received
2025/01/17 06:28:57 [notice] 1#1: signal 17 (SIGCHLD) received from 41
2025/01/17 06:28:57 [notice] 1#1: worker process 37 exited with code 0
2025/01/17 06:28:57 [notice] 1#1: worker process 41 exited with code 0
2025/01/17 06:28:57 [notice] 1#1: signal 29 (SIGIO) received
2025/01/17 06:28:57 [notice] 1#1: signal 17 (SIGCHLD) received from 32
2025/01/17 06:28:57 [notice] 1#1: worker process 32 exited with code 0
2025/01/17 06:28:57 [notice] 1#1: worker process 34 exited with code 0
2025/01/17 06:28:57 [notice] 1#1: worker process 35 exited with code 0
2025/01/17 06:28:57 [notice] 1#1: signal 29 (SIGIO) received
2025/01/17 06:28:57 [notice] 1#1: signal 17 (SIGCHLD) received from 34
2025/01/17 06:28:57 [notice] 1#1: signal 17 (SIGCHLD) received from 43
2025/01/17 06:28:57 [notice] 1#1: worker process 43 exited with code 0
2025/01/17 06:28:57 [notice] 1#1: exit
2025/01/17 06:28:59 [notice] 1#1: using the "epoll" event method
2025/01/17 06:28:59 [notice] 1#1: nginx/1.21.3
2025/01/17 06:28:59 [notice] 1#1: built by gcc 10.3.1 20210424 (Alpine 10.3.1_git20210424) 
2025/01/17 06:28:59 [notice] 1#1: OS: Linux 6.8.0-49-generic
2025/01/17 06:28:59 [notice] 1#1: getrlimit(RLIMIT_NOFILE): 1024:524288
2025/01/17 06:28:59 [notice] 1#1: start worker processes
2025/01/17 06:28:59 [notice] 1#1: start worker process 32
2025/01/17 06:28:59 [notice] 1#1: start worker process 33
2025/01/17 06:28:59 [notice] 1#1: start worker process 34
2025/01/17 06:28:59 [notice] 1#1: start worker process 35
2025/01/17 06:28:59 [notice] 1#1: start worker process 36
2025/01/17 06:28:59 [notice] 1#1: start worker process 37
2025/01/17 06:28:59 [notice] 1#1: start worker process 38
2025/01/17 06:28:59 [notice] 1#1: start worker process 39
2025/01/17 06:28:59 [notice] 1#1: start worker process 40
2025/01/17 06:28:59 [notice] 1#1: start worker process 41
2025/01/17 06:28:59 [notice] 1#1: start worker process 42
2025/01/17 06:28:59 [notice] 1#1: start worker process 43
2025/01/17 06:31:02 [error] 32#32: *1 open() "/app/up" failed (2: No such file or directory), client: 172.20.0.1, server: _, request: "GET /up HTTP/1.1", host: "localhost:8020"
2025/01/17 06:34:52 [notice] 1#1: signal 3 (SIGQUIT) received, shutting down
2025/01/17 06:34:52 [notice] 33#33: gracefully shutting down
2025/01/17 06:34:52 [notice] 32#32: gracefully shutting down
2025/01/17 06:34:52 [notice] 34#34: gracefully shutting down
2025/01/17 06:34:52 [notice] 35#35: gracefully shutting down
2025/01/17 06:34:52 [notice] 36#36: gracefully shutting down
2025/01/17 06:34:52 [notice] 39#39: gracefully shutting down
2025/01/17 06:34:52 [notice] 38#38: gracefully shutting down
2025/01/17 06:34:52 [notice] 37#37: gracefully shutting down
2025/01/17 06:34:52 [notice] 33#33: exiting
2025/01/17 06:34:52 [notice] 32#32: exiting
2025/01/17 06:34:52 [notice] 34#34: exiting
2025/01/17 06:34:52 [notice] 43#43: gracefully shutting down
2025/01/17 06:34:52 [notice] 40#40: gracefully shutting down
2025/01/17 06:34:52 [notice] 35#35: exiting
2025/01/17 06:34:52 [notice] 36#36: exiting
2025/01/17 06:34:52 [notice] 39#39: exiting
2025/01/17 06:34:52 [notice] 38#38: exiting
2025/01/17 06:34:52 [notice] 37#37: exiting
2025/01/17 06:34:52 [notice] 43#43: exiting
2025/01/17 06:34:52 [notice] 40#40: exiting
2025/01/17 06:34:52 [notice] 35#35: exit
2025/01/17 06:34:52 [notice] 33#33: exit
2025/01/17 06:34:52 [notice] 34#34: exit
2025/01/17 06:34:52 [notice] 39#39: exit
2025/01/17 06:34:52 [notice] 36#36: exit
2025/01/17 06:34:52 [notice] 32#32: exit
2025/01/17 06:34:52 [notice] 37#37: exit
2025/01/17 06:34:52 [notice] 38#38: exit
2025/01/17 06:34:52 [notice] 40#40: exit
2025/01/17 06:34:52 [notice] 43#43: exit
2025/01/17 06:34:52 [notice] 41#41: gracefully shutting down
2025/01/17 06:34:52 [notice] 41#41: exiting
2025/01/17 06:34:52 [notice] 42#42: gracefully shutting down
2025/01/17 06:34:52 [notice] 42#42: exiting
2025/01/17 06:34:52 [notice] 41#41: exit
2025/01/17 06:34:52 [notice] 42#42: exit
2025/01/17 06:34:52 [notice] 1#1: signal 17 (SIGCHLD) received from 38
2025/01/17 06:34:52 [notice] 1#1: worker process 32 exited with code 0
2025/01/17 06:34:52 [notice] 1#1: worker process 38 exited with code 0
2025/01/17 06:34:52 [notice] 1#1: signal 29 (SIGIO) received
2025/01/17 06:34:52 [notice] 1#1: signal 17 (SIGCHLD) received from 37
2025/01/17 06:34:52 [notice] 1#1: worker process 33 exited with code 0
2025/01/17 06:34:52 [notice] 1#1: worker process 34 exited with code 0
2025/01/17 06:34:52 [notice] 1#1: worker process 36 exited with code 0
2025/01/17 06:34:52 [notice] 1#1: worker process 37 exited with code 0
2025/01/17 06:34:52 [notice] 1#1: signal 29 (SIGIO) received
2025/01/17 06:34:52 [notice] 1#1: signal 17 (SIGCHLD) received from 36
2025/01/17 06:34:52 [notice] 1#1: signal 17 (SIGCHLD) received from 43
2025/01/17 06:34:52 [notice] 1#1: worker process 35 exited with code 0
2025/01/17 06:34:52 [notice] 1#1: worker process 43 exited with code 0
2025/01/17 06:34:52 [notice] 1#1: signal 29 (SIGIO) received
2025/01/17 06:34:52 [notice] 1#1: signal 17 (SIGCHLD) received from 35
2025/01/17 06:34:52 [notice] 1#1: worker process 39 exited with code 0
2025/01/17 06:34:52 [notice] 1#1: signal 29 (SIGIO) received
2025/01/17 06:34:52 [notice] 1#1: signal 17 (SIGCHLD) received from 40
2025/01/17 06:34:52 [notice] 1#1: worker process 40 exited with code 0
2025/01/17 06:34:52 [notice] 1#1: worker process 41 exited with code 0
2025/01/17 06:34:52 [notice] 1#1: signal 29 (SIGIO) received
2025/01/17 06:34:52 [notice] 1#1: signal 17 (SIGCHLD) received from 41
2025/01/17 06:34:52 [notice] 1#1: signal 17 (SIGCHLD) received from 42
2025/01/17 06:34:52 [notice] 1#1: worker process 42 exited with code 0
2025/01/17 06:34:52 [notice] 1#1: exit
2025/01/17 06:34:55 [notice] 1#1: using the "epoll" event method
2025/01/17 06:34:55 [notice] 1#1: nginx/1.21.3
2025/01/17 06:34:55 [notice] 1#1: built by gcc 10.3.1 20210424 (Alpine 10.3.1_git20210424) 
2025/01/17 06:34:55 [notice] 1#1: OS: Linux 6.8.0-49-generic
2025/01/17 06:34:55 [notice] 1#1: getrlimit(RLIMIT_NOFILE): 1024:524288
2025/01/17 06:34:55 [notice] 1#1: start worker processes
2025/01/17 06:34:55 [notice] 1#1: start worker process 32
2025/01/17 06:34:55 [notice] 1#1: start worker process 33
2025/01/17 06:34:55 [notice] 1#1: start worker process 34
2025/01/17 06:34:55 [notice] 1#1: start worker process 35
2025/01/17 06:34:55 [notice] 1#1: start worker process 36
2025/01/17 06:34:55 [notice] 1#1: start worker process 37
2025/01/17 06:34:55 [notice] 1#1: start worker process 38
2025/01/17 06:34:55 [notice] 1#1: start worker process 39
2025/01/17 06:34:55 [notice] 1#1: start worker process 40
2025/01/17 06:34:55 [notice] 1#1: start worker process 41
2025/01/17 06:34:55 [notice] 1#1: start worker process 42
2025/01/17 06:34:55 [notice] 1#1: start worker process 43
2025/01/17 06:35:10 [error] 32#32: *1 open() "/app/api/start-contaimer" failed (2: No such file or directory), client: 172.20.0.1, server: _, request: "GET /api/start-contaimer HTTP/1.1", host: "localhost:8020"
2025/01/17 06:35:14 [error] 32#32: *1 directory index of "/app/api/" is forbidden, client: 172.20.0.1, server: _, request: "GET /api/ HTTP/1.1", host: "localhost:8020"
2025/01/17 06:35:16 [error] 32#32: *1 directory index of "/app/api/" is forbidden, client: 172.20.0.1, server: _, request: "GET /api/ HTTP/1.1", host: "localhost:8020"
2025/01/17 06:35:17 [error] 32#32: *1 directory index of "/app/" is forbidden, client: 172.20.0.1, server: _, request: "GET / HTTP/1.1", host: "localhost:8020"
2025/01/17 06:35:18 [error] 32#32: *1 directory index of "/app/" is forbidden, client: 172.20.0.1, server: _, request: "GET / HTTP/1.1", host: "localhost:8020"
2025/01/17 06:35:19 [error] 32#32: *1 directory index of "/app/" is forbidden, client: 172.20.0.1, server: _, request: "GET / HTTP/1.1", host: "localhost:8020"
2025/01/17 06:36:30 [notice] 1#1: signal 3 (SIGQUIT) received, shutting down
2025/01/17 06:36:30 [notice] 32#32: gracefully shutting down
2025/01/17 06:36:30 [notice] 33#33: gracefully shutting down
2025/01/17 06:36:30 [notice] 36#36: gracefully shutting down
2025/01/17 06:36:30 [notice] 38#38: gracefully shutting down
2025/01/17 06:36:30 [notice] 34#34: gracefully shutting down
2025/01/17 06:36:30 [notice] 37#37: gracefully shutting down
2025/01/17 06:36:30 [notice] 35#35: gracefully shutting down
2025/01/17 06:36:30 [notice] 39#39: gracefully shutting down
2025/01/17 06:36:30 [notice] 32#32: exiting
2025/01/17 06:36:30 [notice] 40#40: gracefully shutting down
2025/01/17 06:36:30 [notice] 33#33: exiting
2025/01/17 06:36:30 [notice] 36#36: exiting
2025/01/17 06:36:30 [notice] 42#42: gracefully shutting down
2025/01/17 06:36:30 [notice] 38#38: exiting
2025/01/17 06:36:30 [notice] 34#34: exiting
2025/01/17 06:36:30 [notice] 37#37: exiting
2025/01/17 06:36:30 [notice] 35#35: exiting
2025/01/17 06:36:30 [notice] 39#39: exiting
2025/01/17 06:36:30 [notice] 40#40: exiting
2025/01/17 06:36:30 [notice] 42#42: exiting
2025/01/17 06:36:30 [notice] 41#41: gracefully shutting down
2025/01/17 06:36:30 [notice] 41#41: exiting
2025/01/17 06:36:30 [notice] 38#38: exit
2025/01/17 06:36:30 [notice] 36#36: exit
2025/01/17 06:36:30 [notice] 33#33: exit
2025/01/17 06:36:30 [notice] 40#40: exit
2025/01/17 06:36:30 [notice] 32#32: exit
2025/01/17 06:36:30 [notice] 34#34: exit
2025/01/17 06:36:30 [notice] 37#37: exit
2025/01/17 06:36:30 [notice] 39#39: exit
2025/01/17 06:36:30 [notice] 35#35: exit
2025/01/17 06:36:30 [notice] 42#42: exit
2025/01/17 06:36:30 [notice] 41#41: exit
2025/01/17 06:36:30 [notice] 43#43: gracefully shutting down
2025/01/17 06:36:30 [notice] 43#43: exiting
2025/01/17 06:36:30 [notice] 43#43: exit
2025/01/17 06:36:30 [notice] 1#1: signal 17 (SIGCHLD) received from 35
2025/01/17 06:36:30 [notice] 1#1: worker process 35 exited with code 0
2025/01/17 06:36:30 [notice] 1#1: signal 29 (SIGIO) received
2025/01/17 06:36:30 [notice] 1#1: signal 17 (SIGCHLD) received from 40
2025/01/17 06:36:30 [notice] 1#1: worker process 40 exited with code 0
2025/01/17 06:36:30 [notice] 1#1: signal 29 (SIGIO) received
2025/01/17 06:36:30 [notice] 1#1: signal 17 (SIGCHLD) received from 33
2025/01/17 06:36:30 [notice] 1#1: worker process 33 exited with code 0
2025/01/17 06:36:30 [notice] 1#1: signal 29 (SIGIO) received
2025/01/17 06:36:30 [notice] 1#1: signal 17 (SIGCHLD) received from 34
2025/01/17 06:36:30 [notice] 1#1: worker process 34 exited with code 0
2025/01/17 06:36:30 [notice] 1#1: worker process 37 exited with code 0
2025/01/17 06:36:30 [notice] 1#1: worker process 36 exited with code 0
2025/01/17 06:36:30 [notice] 1#1: worker process 41 exited with code 0
2025/01/17 06:36:30 [notice] 1#1: worker process 42 exited with code 0
2025/01/17 06:36:30 [notice] 1#1: worker process 43 exited with code 0
2025/01/17 06:36:30 [notice] 1#1: signal 29 (SIGIO) received
2025/01/17 06:36:30 [notice] 1#1: signal 17 (SIGCHLD) received from 37
2025/01/17 06:36:30 [notice] 1#1: signal 17 (SIGCHLD) received from 39
2025/01/17 06:36:30 [notice] 1#1: worker process 32 exited with code 0
2025/01/17 06:36:30 [notice] 1#1: worker process 38 exited with code 0
2025/01/17 06:36:30 [notice] 1#1: worker process 39 exited with code 0
2025/01/17 06:36:30 [notice] 1#1: exit
2025/01/17 06:36:33 [notice] 1#1: using the "epoll" event method
2025/01/17 06:36:33 [notice] 1#1: nginx/1.21.3
2025/01/17 06:36:33 [notice] 1#1: built by gcc 10.3.1 20210424 (Alpine 10.3.1_git20210424) 
2025/01/17 06:36:33 [notice] 1#1: OS: Linux 6.8.0-49-generic
2025/01/17 06:36:33 [notice] 1#1: getrlimit(RLIMIT_NOFILE): 1024:524288
2025/01/17 06:36:33 [notice] 1#1: start worker processes
2025/01/17 06:36:33 [notice] 1#1: start worker process 32
2025/01/17 06:36:33 [notice] 1#1: start worker process 33
2025/01/17 06:36:33 [notice] 1#1: start worker process 34
2025/01/17 06:36:33 [notice] 1#1: start worker process 35
2025/01/17 06:36:33 [notice] 1#1: start worker process 36
2025/01/17 06:36:33 [notice] 1#1: start worker process 37
2025/01/17 06:36:33 [notice] 1#1: start worker process 38
2025/01/17 06:36:33 [notice] 1#1: start worker process 39
2025/01/17 06:36:33 [notice] 1#1: start worker process 40
2025/01/17 06:36:33 [notice] 1#1: start worker process 41
2025/01/17 06:36:33 [notice] 1#1: start worker process 42
2025/01/17 06:36:33 [notice] 1#1: start worker process 43
2025/01/17 06:36:42 [error] 32#32: *1 directory index of "/app/" is forbidden, client: 172.20.0.1, server: _, request: "GET / HTTP/1.1", host: "localhost:8020"
2025/01/17 06:36:42 [error] 32#32: *1 directory index of "/app/" is forbidden, client: 172.20.0.1, server: _, request: "GET / HTTP/1.1", host: "localhost:8020"
2025/01/17 06:36:42 [error] 32#32: *1 directory index of "/app/" is forbidden, client: 172.20.0.1, server: _, request: "GET / HTTP/1.1", host: "localhost:8020"
2025/01/17 06:36:45 [error] 32#32: *1 directory index of "/app/api/" is forbidden, client: 172.20.0.1, server: _, request: "GET /api/ HTTP/1.1", host: "localhost:8020"
2025/01/17 06:36:45 [error] 32#32: *1 directory index of "/app/api/" is forbidden, client: 172.20.0.1, server: _, request: "GET /api/ HTTP/1.1", host: "localhost:8020"
2025/01/17 06:36:47 [error] 32#32: *1 directory index of "/app/api/" is forbidden, client: 172.20.0.1, server: _, request: "GET /api/ HTTP/1.1", host: "localhost:8020"
2025/01/17 06:37:56 [error] 32#32: *3 directory index of "/app/api/" is forbidden, client: 172.20.0.1, server: _, request: "GET /api/ HTTP/1.1", host: "localhost:8020"
2025/01/17 06:39:46 [error] 32#32: *5 directory index of "/app/api/" is forbidden, client: 172.20.0.1, server: _, request: "GET /api/ HTTP/1.1", host: "localhost:8020"
2025/01/17 06:39:47 [error] 32#32: *5 directory index of "/app/api/" is forbidden, client: 172.20.0.1, server: _, request: "GET /api/ HTTP/1.1", host: "localhost:8020"
2025/01/17 06:40:09 [error] 32#32: *5 directory index of "/app/api/" is forbidden, client: 172.20.0.1, server: _, request: "GET /api/ HTTP/1.1", host: "localhost:8020"
2025/01/17 06:40:09 [error] 32#32: *5 directory index of "/app/api/" is forbidden, client: 172.20.0.1, server: _, request: "GET /api/ HTTP/1.1", host: "localhost:8020"
2025/01/17 06:40:55 [notice] 1#1: signal 3 (SIGQUIT) received, shutting down
2025/01/17 06:40:55 [notice] 32#32: gracefully shutting down
2025/01/17 06:40:55 [notice] 33#33: gracefully shutting down
2025/01/17 06:40:55 [notice] 35#35: gracefully shutting down
2025/01/17 06:40:55 [notice] 34#34: gracefully shutting down
2025/01/17 06:40:55 [notice] 36#36: gracefully shutting down
2025/01/17 06:40:55 [notice] 37#37: gracefully shutting down
2025/01/17 06:40:55 [notice] 39#39: gracefully shutting down
2025/01/17 06:40:55 [notice] 38#38: gracefully shutting down
2025/01/17 06:40:55 [notice] 33#33: exiting
2025/01/17 06:40:55 [notice] 40#40: gracefully shutting down
2025/01/17 06:40:55 [notice] 35#35: exiting
2025/01/17 06:40:55 [notice] 34#34: exiting
2025/01/17 06:40:55 [notice] 36#36: exiting
2025/01/17 06:40:55 [notice] 37#37: exiting
2025/01/17 06:40:55 [notice] 39#39: exiting
2025/01/17 06:40:55 [notice] 38#38: exiting
2025/01/17 06:40:55 [notice] 32#32: exiting
2025/01/17 06:40:55 [notice] 40#40: exiting
2025/01/17 06:40:55 [notice] 41#41: gracefully shutting down
2025/01/17 06:40:55 [notice] 41#41: exiting
2025/01/17 06:40:55 [notice] 35#35: exit
2025/01/17 06:40:55 [notice] 34#34: exit
2025/01/17 06:40:55 [notice] 37#37: exit
2025/01/17 06:40:55 [notice] 36#36: exit
2025/01/17 06:40:55 [notice] 39#39: exit
2025/01/17 06:40:55 [notice] 33#33: exit
2025/01/17 06:40:55 [notice] 38#38: exit
2025/01/17 06:40:55 [notice] 40#40: exit
2025/01/17 06:40:55 [notice] 42#42: gracefully shutting down
2025/01/17 06:40:55 [notice] 41#41: exit
2025/01/17 06:40:55 [notice] 32#32: exit
2025/01/17 06:40:55 [notice] 42#42: exiting
2025/01/17 06:40:55 [notice] 43#43: gracefully shutting down
2025/01/17 06:40:55 [notice] 43#43: exiting
2025/01/17 06:40:55 [notice] 42#42: exit
2025/01/17 06:40:55 [notice] 43#43: exit
2025/01/17 06:40:56 [notice] 1#1: signal 17 (SIGCHLD) received from 37
2025/01/17 06:40:56 [notice] 1#1: worker process 37 exited with code 0
2025/01/17 06:40:56 [notice] 1#1: worker process 38 exited with code 0
2025/01/17 06:40:56 [notice] 1#1: signal 29 (SIGIO) received
2025/01/17 06:40:56 [notice] 1#1: signal 17 (SIGCHLD) received from 34
2025/01/17 06:40:56 [notice] 1#1: worker process 33 exited with code 0
2025/01/17 06:40:56 [notice] 1#1: worker process 34 exited with code 0
2025/01/17 06:40:56 [notice] 1#1: worker process 36 exited with code 0
2025/01/17 06:40:56 [notice] 1#1: worker process 35 exited with code 0
2025/01/17 06:40:56 [notice] 1#1: worker process 40 exited with code 0
2025/01/17 06:40:56 [notice] 1#1: worker process 43 exited with code 0
2025/01/17 06:40:56 [notice] 1#1: signal 29 (SIGIO) received
2025/01/17 06:40:56 [notice] 1#1: signal 17 (SIGCHLD) received from 40
2025/01/17 06:40:56 [notice] 1#1: signal 17 (SIGCHLD) received from 39
2025/01/17 06:40:56 [notice] 1#1: worker process 39 exited with code 0
2025/01/17 06:40:56 [notice] 1#1: worker process 32 exited with code 0
2025/01/17 06:40:56 [notice] 1#1: signal 29 (SIGIO) received
2025/01/17 06:40:56 [notice] 1#1: signal 17 (SIGCHLD) received from 32
2025/01/17 06:40:56 [notice] 1#1: signal 17 (SIGCHLD) received from 41
2025/01/17 06:40:56 [notice] 1#1: worker process 41 exited with code 0
2025/01/17 06:40:56 [notice] 1#1: signal 29 (SIGIO) received
2025/01/17 06:40:56 [notice] 1#1: signal 17 (SIGCHLD) received from 42
2025/01/17 06:40:56 [notice] 1#1: worker process 42 exited with code 0
2025/01/17 06:40:56 [notice] 1#1: exit
2025/01/17 06:40:58 [notice] 1#1: using the "epoll" event method
2025/01/17 06:40:58 [notice] 1#1: nginx/1.21.3
2025/01/17 06:40:58 [notice] 1#1: built by gcc 10.3.1 20210424 (Alpine 10.3.1_git20210424) 
2025/01/17 06:40:58 [notice] 1#1: OS: Linux 6.8.0-49-generic
2025/01/17 06:40:58 [notice] 1#1: getrlimit(RLIMIT_NOFILE): 1024:524288
2025/01/17 06:40:58 [notice] 1#1: start worker processes
2025/01/17 06:40:58 [notice] 1#1: start worker process 32
2025/01/17 06:40:58 [notice] 1#1: start worker process 33
2025/01/17 06:40:58 [notice] 1#1: start worker process 34
2025/01/17 06:40:58 [notice] 1#1: start worker process 35
2025/01/17 06:40:58 [notice] 1#1: start worker process 36
2025/01/17 06:40:58 [notice] 1#1: start worker process 37
2025/01/17 06:40:58 [notice] 1#1: start worker process 38
2025/01/17 06:40:58 [notice] 1#1: start worker process 39
2025/01/17 06:40:58 [notice] 1#1: start worker process 40
2025/01/17 06:40:58 [notice] 1#1: start worker process 41
2025/01/17 06:40:58 [notice] 1#1: start worker process 42
2025/01/17 06:40:58 [notice] 1#1: start worker process 43
2025/01/17 06:41:00 [notice] 1#1: signal 3 (SIGQUIT) received, shutting down
2025/01/17 06:41:00 [notice] 32#32: gracefully shutting down
2025/01/17 06:41:00 [notice] 33#33: gracefully shutting down
2025/01/17 06:41:00 [notice] 34#34: gracefully shutting down
2025/01/17 06:41:00 [notice] 32#32: exiting
2025/01/17 06:41:00 [notice] 35#35: gracefully shutting down
2025/01/17 06:41:00 [notice] 36#36: gracefully shutting down
2025/01/17 06:41:00 [notice] 37#37: gracefully shutting down
2025/01/17 06:41:00 [notice] 38#38: gracefully shutting down
2025/01/17 06:41:00 [notice] 39#39: gracefully shutting down
2025/01/17 06:41:00 [notice] 40#40: gracefully shutting down
2025/01/17 06:41:00 [notice] 33#33: exiting
2025/01/17 06:41:00 [notice] 34#34: exiting
2025/01/17 06:41:00 [notice] 43#43: gracefully shutting down
2025/01/17 06:41:00 [notice] 35#35: exiting
2025/01/17 06:41:00 [notice] 36#36: exiting
2025/01/17 06:41:00 [notice] 37#37: exiting
2025/01/17 06:41:00 [notice] 38#38: exiting
2025/01/17 06:41:00 [notice] 39#39: exiting
2025/01/17 06:41:00 [notice] 40#40: exiting
2025/01/17 06:41:00 [notice] 43#43: exiting
2025/01/17 06:41:00 [notice] 32#32: exit
2025/01/17 06:41:00 [notice] 33#33: exit
2025/01/17 06:41:00 [notice] 34#34: exit
2025/01/17 06:41:00 [notice] 37#37: exit
2025/01/17 06:41:00 [notice] 35#35: exit
2025/01/17 06:41:00 [notice] 36#36: exit
2025/01/17 06:41:00 [notice] 40#40: exit
2025/01/17 06:41:00 [notice] 43#43: exit
2025/01/17 06:41:00 [notice] 38#38: exit
2025/01/17 06:41:00 [notice] 39#39: exit
2025/01/17 06:41:00 [notice] 42#42: gracefully shutting down
2025/01/17 06:41:00 [notice] 42#42: exiting
2025/01/17 06:41:00 [notice] 42#42: exit
2025/01/17 06:41:00 [notice] 41#41: gracefully shutting down
2025/01/17 06:41:00 [notice] 41#41: exiting
2025/01/17 06:41:00 [notice] 41#41: exit
2025/01/17 06:41:00 [notice] 1#1: signal 17 (SIGCHLD) received from 33
2025/01/17 06:41:00 [notice] 1#1: worker process 33 exited with code 0
2025/01/17 06:41:00 [notice] 1#1: worker process 35 exited with code 0
2025/01/17 06:41:00 [notice] 1#1: signal 29 (SIGIO) received
2025/01/17 06:41:00 [notice] 1#1: signal 17 (SIGCHLD) received from 39
2025/01/17 06:41:00 [notice] 1#1: worker process 39 exited with code 0
2025/01/17 06:41:00 [notice] 1#1: worker process 32 exited with code 0
2025/01/17 06:41:00 [notice] 1#1: worker process 40 exited with code 0
2025/01/17 06:41:00 [notice] 1#1: signal 29 (SIGIO) received
2025/01/17 06:41:00 [notice] 1#1: signal 17 (SIGCHLD) received from 40
2025/01/17 06:41:00 [notice] 1#1: signal 17 (SIGCHLD) received from 34
2025/01/17 06:41:00 [notice] 1#1: worker process 34 exited with code 0
2025/01/17 06:41:00 [notice] 1#1: worker process 37 exited with code 0
2025/01/17 06:41:00 [notice] 1#1: signal 29 (SIGIO) received
2025/01/17 06:41:00 [notice] 1#1: signal 17 (SIGCHLD) received from 38
2025/01/17 06:41:00 [notice] 1#1: worker process 38 exited with code 0
2025/01/17 06:41:00 [notice] 1#1: signal 29 (SIGIO) received
2025/01/17 06:41:00 [notice] 1#1: signal 17 (SIGCHLD) received from 42
2025/01/17 06:41:00 [notice] 1#1: worker process 42 exited with code 0
2025/01/17 06:41:00 [notice] 1#1: signal 29 (SIGIO) received
2025/01/17 06:41:00 [notice] 1#1: signal 17 (SIGCHLD) received from 43
2025/01/17 06:41:00 [notice] 1#1: worker process 43 exited with code 0
2025/01/17 06:41:00 [notice] 1#1: signal 29 (SIGIO) received
2025/01/17 06:41:00 [notice] 1#1: signal 17 (SIGCHLD) received from 36
2025/01/17 06:41:00 [notice] 1#1: worker process 36 exited with code 0
2025/01/17 06:41:00 [notice] 1#1: signal 29 (SIGIO) received
2025/01/17 06:41:00 [notice] 1#1: signal 17 (SIGCHLD) received from 41
2025/01/17 06:41:00 [notice] 1#1: worker process 41 exited with code 0
2025/01/17 06:41:00 [notice] 1#1: exit
2025/01/17 06:41:09 [notice] 1#1: using the "epoll" event method
2025/01/17 06:41:09 [notice] 1#1: nginx/1.21.3
2025/01/17 06:41:09 [notice] 1#1: built by gcc 10.3.1 20210424 (Alpine 10.3.1_git20210424) 
2025/01/17 06:41:09 [notice] 1#1: OS: Linux 6.8.0-49-generic
2025/01/17 06:41:09 [notice] 1#1: getrlimit(RLIMIT_NOFILE): 1024:524288
2025/01/17 06:41:09 [notice] 1#1: start worker processes
2025/01/17 06:41:09 [notice] 1#1: start worker process 32
2025/01/17 06:41:09 [notice] 1#1: start worker process 33
2025/01/17 06:41:09 [notice] 1#1: start worker process 34
2025/01/17 06:41:09 [notice] 1#1: start worker process 35
2025/01/17 06:41:09 [notice] 1#1: start worker process 36
2025/01/17 06:41:09 [notice] 1#1: start worker process 37
2025/01/17 06:41:09 [notice] 1#1: start worker process 38
2025/01/17 06:41:09 [notice] 1#1: start worker process 39
2025/01/17 06:41:09 [notice] 1#1: start worker process 40
2025/01/17 06:41:09 [notice] 1#1: start worker process 41
2025/01/17 06:41:09 [notice] 1#1: start worker process 42
2025/01/17 06:41:09 [notice] 1#1: start worker process 43
2025/01/17 06:41:27 [error] 32#32: *1 directory index of "/app/" is forbidden, client: 172.20.0.1, server: _, request: "GET / HTTP/1.1", host: "localhost:8020"
2025/01/17 09:49:58 [notice] 1#1: using the "epoll" event method
2025/01/17 09:49:58 [notice] 1#1: nginx/1.21.3
2025/01/17 09:49:58 [notice] 1#1: built by gcc 10.3.1 20210424 (Alpine 10.3.1_git20210424) 
2025/01/17 09:49:58 [notice] 1#1: OS: Linux 6.8.0-49-generic
2025/01/17 09:49:58 [notice] 1#1: getrlimit(RLIMIT_NOFILE): 1024:524288
2025/01/17 09:49:58 [notice] 1#1: start worker processes
2025/01/17 09:49:58 [notice] 1#1: start worker process 24
2025/01/17 09:49:58 [notice] 1#1: start worker process 25
2025/01/17 09:49:58 [notice] 1#1: start worker process 26
2025/01/17 09:49:58 [notice] 1#1: start worker process 27
2025/01/17 09:49:58 [notice] 1#1: start worker process 28
2025/01/17 09:49:58 [notice] 1#1: start worker process 29
2025/01/17 09:49:58 [notice] 1#1: start worker process 30
2025/01/17 09:49:58 [notice] 1#1: start worker process 31
2025/01/17 09:49:58 [notice] 1#1: start worker process 32
2025/01/17 09:49:58 [notice] 1#1: start worker process 33
2025/01/17 09:49:58 [notice] 1#1: start worker process 34
2025/01/17 09:49:58 [notice] 1#1: start worker process 35
